<?xml version="1.0" encoding="UTF-8"?>
<!-- Generated by org.testng.reporters.JUnitXMLReporter -->
<testsuite hostname="Ankit-PC" ignored="0" name="ChromeTest" tests="4" failures="0" timestamp="2020-09-15T11:14:13 EDT" time="0.336" errors="0">
  <testcase name="verifyPageTitle" time="0.0" classname="demo.CrossBrowser">
    <skipped/>
  </testcase> <!-- verifyPageTitle -->
  <testcase name="verifyText" time="0.0" classname="demo.CrossBrowser">
    <skipped/>
  </testcase> <!-- verifyText -->
  <testcase name="loginBtnVisibility" time="0.0" classname="demo.CrossBrowser">
    <skipped/>
  </testcase> <!-- loginBtnVisibility -->
  <testcase name="searchBtnEnabled" time="0.0" classname="demo.CrossBrowser">
    <skipped/>
  </testcase> <!-- searchBtnEnabled -->
</testsuite> <!-- ChromeTest -->
