<?xml version="1.0" encoding="UTF-8"?>
<!-- Generated by org.testng.reporters.JUnitXMLReporter -->
<testsuite hostname="Ankit-PC" ignored="0" name="IETest" tests="4" failures="0" timestamp="2020-09-15T11:14:26 EDT" time="13.023" errors="0">
  <testcase name="verifyPageTitle" time="0.046" classname="demo.CrossBrowser"/>
  <testcase name="verifyText" time="0.586" classname="demo.CrossBrowser"/>
  <testcase name="loginBtnVisibility" time="0.594" classname="demo.CrossBrowser"/>
  <testcase name="searchBtnEnabled" time="0.453" classname="demo.CrossBrowser"/>
</testsuite> <!-- IETest -->
